This file contains any messages produced by compilers while
running configure, to aid debugging if configure makes a mistake.

configure:561: checking for a BSD compatible install
configure:618: checking whether build environment is sane
configure:679: checking for mawk
configure:709: checking whether make sets ${MAKE}
configure:749: checking for working aclocal
configure:762: checking for working autoconf
configure:775: checking for working automake
configure:788: checking for working autoheader
configure:801: checking for working makeinfo
configure:821: checking for gnutar
configure:821: checking for gtar
configure:821: checking for tar
configure:868: checking for gcc
configure:981: checking whether the C compiler (gcc   ) works
configure:997: gcc -o conftest    conftest.c  1>&5
configure:1023: checking whether the C compiler (gcc   ) is a cross-compiler
configure:1028: checking whether we are using GNU C
configure:1037: gcc -E conftest.c
configure:1056: checking whether gcc accepts -g
configure:1099: checking for a BSD compatible install
configure:1156: checking whether ln -s works
configure:1177: checking whether make sets ${MAKE}
configure:1206: checking for ranlib
configure:1239: checking for gethostname in -lnsl
configure:1258: gcc -o conftest -g -O2 -W -Wall -Wmissing-prototypes -Wstrict-prototypes -DPROTOTYPES   conftest.c -lnsl   1>&5
configure:1251:1: warning: function declaration isn't a prototype
configure:1253:5: warning: function declaration isn't a prototype
configure:1286: checking for socket in -lsocket
configure:1305: gcc -o conftest -g -O2 -W -Wall -Wmissing-prototypes -Wstrict-prototypes -DPROTOTYPES   conftest.c -lsocket  -lnsl  1>&5
configure:1298:1: warning: function declaration isn't a prototype
configure:1300:5: warning: function declaration isn't a prototype
/usr/bin/ld: cannot find -lsocket
collect2: ld returned 1 exit status
configure: failed program was:
#line 1294 "configure"
#include "confdefs.h"
/* Override any gcc2 internal prototype to avoid an error.  */
/* We use char because int might match the return type of a gcc2
    builtin and then its argument prototype would still apply.  */
char socket();

int main() {
socket()
; return 0; }
configure:1334: checking how to run the C preprocessor
configure:1355: gcc -E  conftest.c >/dev/null 2>conftest.out
configure:1414: checking for ANSI C header files
configure:1427: gcc -E  conftest.c >/dev/null 2>conftest.out
configure:1494: gcc -o conftest -g -O2 -W -Wall -Wmissing-prototypes -Wstrict-prototypes -DPROTOTYPES   conftest.c -lnsl  1>&5
configure:1488:5: warning: function declaration isn't a prototype
configure: In function 'main':
configure:1489:1: warning: implicit declaration of function 'exit'
configure:1489:67: warning: incompatible implicit declaration of built-in function 'exit'
configure:1521: checking for malloc.h
configure:1531: gcc -E  conftest.c >/dev/null 2>conftest.out
configure:1521: checking for stdlib.h
configure:1531: gcc -E  conftest.c >/dev/null 2>conftest.out
configure:1521: checking for string.h
configure:1531: gcc -E  conftest.c >/dev/null 2>conftest.out
configure:1521: checking for sys/time.h
configure:1531: gcc -E  conftest.c >/dev/null 2>conftest.out
configure:1521: checking for unistd.h
configure:1531: gcc -E  conftest.c >/dev/null 2>conftest.out
configure:1559: checking for uid_t in sys/types.h
configure:1593: checking for pid_t
configure:1629: checking whether time.h and sys/time.h may both be included
configure:1643: gcc -c -g -O2 -W -Wall -Wmissing-prototypes -Wstrict-prototypes -DPROTOTYPES  conftest.c 1>&5
configure:1638:5: warning: function declaration isn't a prototype
configure: In function 'main':
configure:1639:12: warning: unused variable 'tp'
configure:1664: checking whether byte ordering is bigendian
configure:1682: gcc -c -g -O2 -W -Wall -Wmissing-prototypes -Wstrict-prototypes -DPROTOTYPES  conftest.c 1>&5
configure:1674:5: warning: function declaration isn't a prototype
configure:1697: gcc -c -g -O2 -W -Wall -Wmissing-prototypes -Wstrict-prototypes -DPROTOTYPES  conftest.c 1>&5
configure:1689:5: warning: function declaration isn't a prototype
configure: In function 'main':
configure:1692:2: error: 'not' undeclared (first use in this function)
configure:1692:2: note: each undeclared identifier is reported only once for each function it appears in
configure:1692:6: error: expected ';' before 'big'
configure: failed program was:
#line 1686 "configure"
#include "confdefs.h"
#include <sys/types.h>
#include <sys/param.h>
int main() {

#if BYTE_ORDER != BIG_ENDIAN
 not big endian
#endif
; return 0; }
configure:1757: checking for gethostname
configure:1786: gcc -o conftest -g -O2 -W -Wall -Wmissing-prototypes -Wstrict-prototypes -DPROTOTYPES   conftest.c -lnsl  1>&5
configure:1769:1: warning: function declaration isn't a prototype
configure:1770:1: warning: function declaration isn't a prototype
configure:1772:5: warning: function declaration isn't a prototype
configure:1757: checking for gettimeofday
configure:1786: gcc -o conftest -g -O2 -W -Wall -Wmissing-prototypes -Wstrict-prototypes -DPROTOTYPES   conftest.c -lnsl  1>&5
configure:1769:1: warning: function declaration isn't a prototype
configure:1770:1: warning: function declaration isn't a prototype
configure:1772:5: warning: function declaration isn't a prototype
configure:1757: checking for select
configure:1786: gcc -o conftest -g -O2 -W -Wall -Wmissing-prototypes -Wstrict-prototypes -DPROTOTYPES   conftest.c -lnsl  1>&5
configure:1769:1: warning: function declaration isn't a prototype
configure:1770:1: warning: function declaration isn't a prototype
configure:1772:5: warning: function declaration isn't a prototype
configure:1757: checking for socket
configure:1786: gcc -o conftest -g -O2 -W -Wall -Wmissing-prototypes -Wstrict-prototypes -DPROTOTYPES   conftest.c -lnsl  1>&5
configure:1769:1: warning: function declaration isn't a prototype
configure:1770:1: warning: function declaration isn't a prototype
configure:1772:5: warning: function declaration isn't a prototype
configure:1757: checking for uname
configure:1786: gcc -o conftest -g -O2 -W -Wall -Wmissing-prototypes -Wstrict-prototypes -DPROTOTYPES   conftest.c -lnsl  1>&5
configure:1769:1: warning: function declaration isn't a prototype
configure:1770:1: warning: function declaration isn't a prototype
configure:1772:5: warning: function declaration isn't a prototype
configure:1757: checking for snprintf
configure:1786: gcc -o conftest -g -O2 -W -Wall -Wmissing-prototypes -Wstrict-prototypes -DPROTOTYPES   conftest.c -lnsl  1>&5
configure:1769:1: warning: function declaration isn't a prototype
configure:1769:6: warning: conflicting types for built-in function 'snprintf'
configure:1770:1: warning: function declaration isn't a prototype
configure:1772:5: warning: function declaration isn't a prototype
configure:1757: checking for vsnprintf
configure:1786: gcc -o conftest -g -O2 -W -Wall -Wmissing-prototypes -Wstrict-prototypes -DPROTOTYPES   conftest.c -lnsl  1>&5
configure:1769:1: warning: function declaration isn't a prototype
configure:1769:6: warning: conflicting types for built-in function 'vsnprintf'
configure:1770:1: warning: function declaration isn't a prototype
configure:1772:5: warning: function declaration isn't a prototype
configure:1813: checking for strerror
configure:1842: gcc -o conftest -g -O2 -W -Wall -Wmissing-prototypes -Wstrict-prototypes -DPROTOTYPES   conftest.c -lnsl  1>&5
configure:1825:1: warning: function declaration isn't a prototype
configure:1826:1: warning: function declaration isn't a prototype
configure:1828:5: warning: function declaration isn't a prototype
